Use --update-env to update environment variables
[PM2] Applying action restartProcessId on app [/var/www/html/server/server.js](ids: [ 0 ])
[PM2] [server](0) ✓
┌────┬───────────┬─────────────┬─────────┬─────────┬──────────┬────────┬──────┬───────────┬──────────┬──────────┬──────────┬──────────┐
│ id │ name      │ namespace   │ version │ mode    │ pid      │ uptime │ ↺    │ status    │ cpu      │ mem      │ user     │ watching │
├────┼───────────┼─────────────┼─────────┼─────────┼──────────┼────────┼──────┼───────────┼──────────┼──────────┼──────────┼──────────┤
│ 0  │ server    │ default     │ 1.0.0   │ fork    │ 1978339  │ 0s     │ 6    │ online    │ 0%       │ 6.0mb    │ root     │ disabled │
└────┴───────────┴─────────────┴─────────┴─────────┴──────────┴────────┴──────┴───────────┴──────────┴──────────┴──────────┴──────────┘
Use --update-env to update environment variables
[PM2] Applying action restartProcessId on app [/var/www/html/server/server.js](ids: [ 0 ])
[PM2] [server](0) ✓
┌────┬───────────┬─────────────┬─────────┬─────────┬──────────┬────────┬──────┬───────────┬──────────┬──────────┬──────────┬──────────┐
│ id │ name      │ namespace   │ version │ mode    │ pid      │ uptime │ ↺    │ status    │ cpu      │ mem      │ user     │ watching │
├────┼───────────┼─────────────┼─────────┼─────────┼──────────┼────────┼──────┼───────────┼──────────┼──────────┼──────────┼──────────┤
│ 0  │ server    │ default     │ 1.0.0   │ fork    │ 1978379  │ 0s     │ 7    │ online    │ 0%       │ 11.3mb   │ root     │ disabled │
└────┴───────────┴─────────────┴─────────┴─────────┴──────────┴────────┴──────┴───────────┴──────────┴──────────┴──────────┴──────────┘
Use --update-env to update environment variables
[PM2] Applying action restartProcessId on app [/var/www/html/server/server.js](ids: [ 0 ])
[PM2] [server](0) ✓
┌────┬───────────┬─────────────┬─────────┬─────────┬──────────┬────────┬──────┬───────────┬──────────┬──────────┬──────────┬──────────┐
│ id │ name      │ namespace   │ version │ mode    │ pid      │ uptime │ ↺    │ status    │ cpu      │ mem      │ user     │ watching │
├────┼───────────┼─────────────┼─────────┼─────────┼──────────┼────────┼──────┼───────────┼──────────┼──────────┼──────────┼──────────┤
│ 0  │ server    │ default     │ 1.0.0   │ fork    │ 1979037  │ 0s     │ 8    │ online    │ 0%       │ 8.1mb    │ root     │ disabled │
└────┴───────────┴─────────────┴─────────┴─────────┴──────────┴────────┴──────┴───────────┴──────────┴──────────┴──────────┴──────────┘
Use --update-env to update environment variables
[PM2] Applying action restartProcessId on app [/var/www/html/server/server.js](ids: [ 0 ])
[PM2] [server](0) ✓
┌────┬───────────┬─────────────┬─────────┬─────────┬──────────┬────────┬──────┬───────────┬──────────┬──────────┬──────────┬──────────┐
│ id │ name      │ namespace   │ version │ mode    │ pid      │ uptime │ ↺    │ status    │ cpu      │ mem      │ user     │ watching │
├────┼───────────┼─────────────┼─────────┼─────────┼──────────┼────────┼──────┼───────────┼──────────┼──────────┼──────────┼──────────┤
│ 0  │ server    │ default     │ 1.0.0   │ fork    │ 1979073  │ 0s     │ 9    │ online    │ 0%       │ 11.3mb   │ root     │ disabled │
└────┴───────────┴─────────────┴─────────┴─────────┴──────────┴────────┴──────┴───────────┴──────────┴──────────┴──────────┴──────────┘
Use --update-env to update environment variables
[PM2] Applying action restartProcessId on app [/var/www/html/server/server.js](ids: [ 0 ])
[PM2] [server](0) ✓
┌────┬───────────┬─────────────┬─────────┬─────────┬──────────┬────────┬──────┬───────────┬──────────┬──────────┬──────────┬──────────┐
│ id │ name      │ namespace   │ version │ mode    │ pid      │ uptime │ ↺    │ status    │ cpu      │ mem      │ user     │ watching │
├────┼───────────┼─────────────┼─────────┼─────────┼──────────┼────────┼──────┼───────────┼──────────┼──────────┼──────────┼──────────┤
│ 0  │ server    │ default     │ 1.0.0   │ fork    │ 1979106  │ 0s     │ 10   │ online    │ 0%       │ 8.1mb    │ root     │ disabled │
└────┴───────────┴─────────────┴─────────┴─────────┴──────────┴────────┴──────┴───────────┴──────────┴──────────┴──────────┴──────────┘
Use --update-env to update environment variables
[PM2] Applying action restartProcessId on app [/var/www/html/server/server.js](ids: [ 0 ])
[PM2] [server](0) ✓
┌────┬───────────┬─────────────┬─────────┬─────────┬──────────┬────────┬──────┬───────────┬──────────┬──────────┬──────────┬──────────┐
│ id │ name      │ namespace   │ version │ mode    │ pid      │ uptime │ ↺    │ status    │ cpu      │ mem      │ user     │ watching │
├────┼───────────┼─────────────┼─────────┼─────────┼──────────┼────────┼──────┼───────────┼──────────┼──────────┼──────────┼──────────┤
│ 0  │ server    │ default     │ 1.0.0   │ fork    │ 1979145  │ 0s     │ 11   │ online    │ 0%       │ 8.1mb    │ root     │ disabled │
└────┴───────────┴─────────────┴─────────┴─────────┴──────────┴────────┴──────┴───────────┴──────────┴──────────┴──────────┴──────────┘
Use --update-env to update environment variables
[PM2] Applying action restartProcessId on app [/var/www/html/server/server.js](ids: [ 0 ])
[PM2] [server](0) ✓
┌────┬───────────┬─────────────┬─────────┬─────────┬──────────┬────────┬──────┬───────────┬──────────┬──────────┬──────────┬──────────┐
│ id │ name      │ namespace   │ version │ mode    │ pid      │ uptime │ ↺    │ status    │ cpu      │ mem      │ user     │ watching │
├────┼───────────┼─────────────┼─────────┼─────────┼──────────┼────────┼──────┼───────────┼──────────┼──────────┼──────────┼──────────┤
│ 0  │ server    │ default     │ 1.0.0   │ fork    │ 1979179  │ 0s     │ 12   │ online    │ 0%       │ 8.2mb    │ root     │ disabled │
└────┴───────────┴─────────────┴─────────┴─────────┴──────────┴────────┴──────┴───────────┴──────────┴──────────┴──────────┴──────────┘
Use --update-env to update environment variables
[PM2] Applying action restartProcessId on app [/var/www/html/server/server.js](ids: [ 0 ])
[PM2] [server](0) ✓
┌────┬───────────┬─────────────┬─────────┬─────────┬──────────┬────────┬──────┬───────────┬──────────┬──────────┬──────────┬──────────┐
│ id │ name      │ namespace   │ version │ mode    │ pid      │ uptime │ ↺    │ status    │ cpu      │ mem      │ user     │ watching │
├────┼───────────┼─────────────┼─────────┼─────────┼──────────┼────────┼──────┼───────────┼──────────┼──────────┼──────────┼──────────┤
│ 0  │ server    │ default     │ 1.0.0   │ fork    │ 1979229  │ 0s     │ 13   │ online    │ 0%       │ 10.3mb   │ root     │ disabled │
└────┴───────────┴─────────────┴─────────┴─────────┴──────────┴────────┴──────┴───────────┴──────────┴──────────┴──────────┴──────────┘
Use --update-env to update environment variables
[PM2] Applying action restartProcessId on app [/var/www/html/server/server.js](ids: [ 0 ])
[PM2] [server](0) ✓
┌────┬───────────┬─────────────┬─────────┬─────────┬──────────┬────────┬──────┬───────────┬──────────┬──────────┬──────────┬──────────┐
│ id │ name      │ namespace   │ version │ mode    │ pid      │ uptime │ ↺    │ status    │ cpu      │ mem      │ user     │ watching │
├────┼───────────┼─────────────┼─────────┼─────────┼──────────┼────────┼──────┼───────────┼──────────┼──────────┼──────────┼──────────┤
│ 0  │ server    │ default     │ 1.0.0   │ fork    │ 1979293  │ 0s     │ 15   │ online    │ 0%       │ 8.1mb    │ root     │ disabled │
└────┴───────────┴─────────────┴─────────┴─────────┴──────────┴────────┴──────┴───────────┴──────────┴──────────┴──────────┴──────────┘
Use --update-env to update environment variables
[PM2] Applying action restartProcessId on app [/var/www/html/server/server.js](ids: [ 0 ])
[PM2] [server](0) ✓
┌────┬───────────┬─────────────┬─────────┬─────────┬──────────┬────────┬──────┬───────────┬──────────┬──────────┬──────────┬──────────┐
│ id │ name      │ namespace   │ version │ mode    │ pid      │ uptime │ ↺    │ status    │ cpu      │ mem      │ user     │ watching │
├────┼───────────┼─────────────┼─────────┼─────────┼──────────┼────────┼──────┼───────────┼──────────┼──────────┼──────────┼──────────┤
│ 0  │ server    │ default     │ 1.0.0   │ fork    │ 1979327  │ 0s     │ 16   │ online    │ 0%       │ 8.1mb    │ root     │ disabled │
└────┴───────────┴─────────────┴─────────┴─────────┴──────────┴────────┴──────┴───────────┴──────────┴──────────┴──────────┴──────────┘
Use --update-env to update environment variables
[PM2] Applying action restartProcessId on app [/var/www/html/server/server.js](ids: [ 0 ])
[PM2] [server](0) ✓
┌────┬───────────┬─────────────┬─────────┬─────────┬──────────┬────────┬──────┬───────────┬──────────┬──────────┬──────────┬──────────┐
│ id │ name      │ namespace   │ version │ mode    │ pid      │ uptime │ ↺    │ status    │ cpu      │ mem      │ user     │ watching │
├────┼───────────┼─────────────┼─────────┼─────────┼──────────┼────────┼──────┼───────────┼──────────┼──────────┼──────────┼──────────┤
│ 0  │ server    │ default     │ 1.0.0   │ fork    │ 1979359  │ 0s     │ 17   │ online    │ 0%       │ 10.3mb   │ root     │ disabled │
└────┴───────────┴─────────────┴─────────┴─────────┴──────────┴────────┴──────┴───────────┴──────────┴──────────┴──────────┴──────────┘
Use --update-env to update environment variables
[PM2] Applying action restartProcessId on app [/var/www/html/server/server.js](ids: [ 0 ])
[PM2] [server](0) ✓
┌────┬───────────┬─────────────┬─────────┬─────────┬──────────┬────────┬──────┬───────────┬──────────┬──────────┬──────────┬──────────┐
│ id │ name      │ namespace   │ version │ mode    │ pid      │ uptime │ ↺    │ status    │ cpu      │ mem      │ user     │ watching │
├────┼───────────┼─────────────┼─────────┼─────────┼──────────┼────────┼──────┼───────────┼──────────┼──────────┼──────────┼──────────┤
│ 0  │ server    │ default     │ 1.0.0   │ fork    │ 1979395  │ 0s     │ 18   │ online    │ 0%       │ 6.0mb    │ root     │ disabled │
└────┴───────────┴─────────────┴─────────┴─────────┴──────────┴────────┴──────┴───────────┴──────────┴──────────┴──────────┴──────────┘
Use --update-env to update environment variables
[PM2] Applying action restartProcessId on app [/var/www/html/server/server.js](ids: [ 0 ])
[PM2] [server](0) ✓
┌────┬───────────┬─────────────┬─────────┬─────────┬──────────┬────────┬──────┬───────────┬──────────┬──────────┬──────────┬──────────┐
│ id │ name      │ namespace   │ version │ mode    │ pid      │ uptime │ ↺    │ status    │ cpu      │ mem      │ user     │ watching │
├────┼───────────┼─────────────┼─────────┼─────────┼──────────┼────────┼──────┼───────────┼──────────┼──────────┼──────────┼──────────┤
│ 0  │ server    │ default     │ 1.0.0   │ fork    │ 1980055  │ 0s     │ 19   │ online    │ 0%       │ 8.1mb    │ root     │ disabled │
└────┴───────────┴─────────────┴─────────┴─────────┴──────────┴────────┴──────┴───────────┴──────────┴──────────┴──────────┴──────────┘
Use --update-env to update environment variables
[PM2] Applying action restartProcessId on app [/var/www/html/server/server.js](ids: [ 0 ])
[PM2] [server](0) ✓
┌────┬───────────┬─────────────┬─────────┬─────────┬──────────┬────────┬──────┬───────────┬──────────┬──────────┬──────────┬──────────┐
│ id │ name      │ namespace   │ version │ mode    │ pid      │ uptime │ ↺    │ status    │ cpu      │ mem      │ user     │ watching │
├────┼───────────┼─────────────┼─────────┼─────────┼──────────┼────────┼──────┼───────────┼──────────┼──────────┼──────────┼──────────┤
│ 0  │ server    │ default     │ 1.0.0   │ fork    │ 1980087  │ 0s     │ 20   │ online    │ 0%       │ 6.0mb    │ root     │ disabled │
└────┴───────────┴─────────────┴─────────┴─────────┴──────────┴────────┴──────┴───────────┴──────────┴──────────┴──────────┴──────────┘
Use --update-env to update environment variables
[PM2] Applying action restartProcessId on app [/var/www/html/server/server.js](ids: [ 0 ])
[PM2] [server](0) ✓
┌────┬───────────┬─────────────┬─────────┬─────────┬──────────┬────────┬──────┬───────────┬──────────┬──────────┬──────────┬──────────┐
│ id │ name      │ namespace   │ version │ mode    │ pid      │ uptime │ ↺    │ status    │ cpu      │ mem      │ user     │ watching │
├────┼───────────┼─────────────┼─────────┼─────────┼──────────┼────────┼──────┼───────────┼──────────┼──────────┼──────────┼──────────┤
│ 0  │ server    │ default     │ 1.0.0   │ fork    │ 1980121  │ 0s     │ 21   │ online    │ 0%       │ 8.1mb    │ root     │ disabled │
└────┴───────────┴─────────────┴─────────┴─────────┴──────────┴────────┴──────┴───────────┴──────────┴──────────┴──────────┴──────────┘
Use --update-env to update environment variables
[PM2] Applying action restartProcessId on app [/var/www/html/server/server.js](ids: [ 0 ])
[PM2] [server](0) ✓
┌────┬───────────┬─────────────┬─────────┬─────────┬──────────┬────────┬──────┬───────────┬──────────┬──────────┬──────────┬──────────┐
│ id │ name      │ namespace   │ version │ mode    │ pid      │ uptime │ ↺    │ status    │ cpu      │ mem      │ user     │ watching │
├────┼───────────┼─────────────┼─────────┼─────────┼──────────┼────────┼──────┼───────────┼──────────┼──────────┼──────────┼──────────┤
│ 0  │ server    │ default     │ 1.0.0   │ fork    │ 1980168  │ 0s     │ 22   │ online    │ 0%       │ 5.9mb    │ root     │ disabled │
└────┴───────────┴─────────────┴─────────┴─────────┴──────────┴────────┴──────┴───────────┴──────────┴──────────┴──────────┴──────────┘
Use --update-env to update environment variables
[PM2] Applying action restartProcessId on app [/var/www/html/server/server.js](ids: [ 0 ])
[PM2] [server](0) ✓
┌────┬───────────┬─────────────┬─────────┬─────────┬──────────┬────────┬──────┬───────────┬──────────┬──────────┬──────────┬──────────┐
│ id │ name      │ namespace   │ version │ mode    │ pid      │ uptime │ ↺    │ status    │ cpu      │ mem      │ user     │ watching │
├────┼───────────┼─────────────┼─────────┼─────────┼──────────┼────────┼──────┼───────────┼──────────┼──────────┼──────────┼──────────┤
│ 0  │ server    │ default     │ 1.0.0   │ fork    │ 1987898  │ 0s     │ 24   │ online    │ 0%       │ 4.4mb    │ root     │ disabled │
└────┴───────────┴─────────────┴─────────┴─────────┴──────────┴────────┴──────┴───────────┴──────────┴──────────┴──────────┴──────────┘
Use --update-env to update environment variables
[PM2] Applying action restartProcessId on app [/var/www/html/server/server.js](ids: [ 0 ])
[PM2] [server](0) ✓
┌────┬───────────┬─────────────┬─────────┬─────────┬──────────┬────────┬──────┬───────────┬──────────┬──────────┬──────────┬──────────┐
│ id │ name      │ namespace   │ version │ mode    │ pid      │ uptime │ ↺    │ status    │ cpu      │ mem      │ user     │ watching │
├────┼───────────┼─────────────┼─────────┼─────────┼──────────┼────────┼──────┼───────────┼──────────┼──────────┼──────────┼──────────┤
│ 0  │ server    │ default     │ 1.0.0   │ fork    │ 2000902  │ 0s     │ 25   │ online    │ 0%       │ 4.5mb    │ root     │ disabled │
└────┴───────────┴─────────────┴─────────┴─────────┴──────────┴────────┴──────┴───────────┴──────────┴──────────┴──────────┴──────────┘
Use --update-env to update environment variables
[PM2] Applying action restartProcessId on app [/var/www/html/server/server.js](ids: [ 0 ])
[PM2] [server](0) ✓
┌────┬───────────┬─────────────┬─────────┬─────────┬──────────┬────────┬──────┬───────────┬──────────┬──────────┬──────────┬──────────┐
│ id │ name      │ namespace   │ version │ mode    │ pid      │ uptime │ ↺    │ status    │ cpu      │ mem      │ user     │ watching │
├────┼───────────┼─────────────┼─────────┼─────────┼──────────┼────────┼──────┼───────────┼──────────┼──────────┼──────────┼──────────┤
│ 0  │ server    │ default     │ 1.0.0   │ fork    │ 2015347  │ 0s     │ 26   │ online    │ 0%       │ 8.1mb    │ root     │ disabled │
└────┴───────────┴─────────────┴─────────┴─────────┴──────────┴────────┴──────┴───────────┴──────────┴──────────┴──────────┴──────────┘
Use --update-env to update environment variables
[PM2] Applying action restartProcessId on app [/var/www/html/server/server.js](ids: [ 0 ])
[PM2] [server](0) ✓
┌────┬───────────┬─────────────┬─────────┬─────────┬──────────┬────────┬──────┬───────────┬──────────┬──────────┬──────────┬──────────┐
│ id │ name      │ namespace   │ version │ mode    │ pid      │ uptime │ ↺    │ status    │ cpu      │ mem      │ user     │ watching │
├────┼───────────┼─────────────┼─────────┼─────────┼──────────┼────────┼──────┼───────────┼──────────┼──────────┼──────────┼──────────┤
│ 0  │ server    │ default     │ 1.0.0   │ fork    │ 2027680  │ 0s     │ 27   │ online    │ 0%       │ 4.5mb    │ root     │ disabled │
└────┴───────────┴─────────────┴─────────┴─────────┴──────────┴────────┴──────┴───────────┴──────────┴──────────┴──────────┴──────────┘
Use --update-env to update environment variables
[PM2] Applying action restartProcessId on app [/var/www/html/server/server.js](ids: [ 0 ])
[PM2] [server](0) ✓
┌────┬───────────┬─────────────┬─────────┬─────────┬──────────┬────────┬──────┬───────────┬──────────┬──────────┬──────────┬──────────┐
│ id │ name      │ namespace   │ version │ mode    │ pid      │ uptime │ ↺    │ status    │ cpu      │ mem      │ user     │ watching │
├────┼───────────┼─────────────┼─────────┼─────────┼──────────┼────────┼──────┼───────────┼──────────┼──────────┼──────────┼──────────┤
│ 0  │ server    │ default     │ 1.0.0   │ fork    │ 2039475  │ 0s     │ 28   │ online    │ 0%       │ 4.4mb    │ root     │ disabled │
└────┴───────────┴─────────────┴─────────┴─────────┴──────────┴────────┴──────┴───────────┴──────────┴──────────┴──────────┴──────────┘
Use --update-env to update environment variables
[PM2] Applying action restartProcessId on app [/var/www/html/server/server.js](ids: [ 0 ])
[PM2] [server](0) ✓
┌────┬───────────┬─────────────┬─────────┬─────────┬──────────┬────────┬──────┬───────────┬──────────┬──────────┬──────────┬──────────┐
│ id │ name      │ namespace   │ version │ mode    │ pid      │ uptime │ ↺    │ status    │ cpu      │ mem      │ user     │ watching │
├────┼───────────┼─────────────┼─────────┼─────────┼──────────┼────────┼──────┼───────────┼──────────┼──────────┼──────────┼──────────┤
│ 0  │ server    │ default     │ 1.0.0   │ fork    │ 2052508  │ 0s     │ 29   │ online    │ 0%       │ 8.1mb    │ root     │ disabled │
└────┴───────────┴─────────────┴─────────┴─────────┴──────────┴────────┴──────┴───────────┴──────────┴──────────┴──────────┴──────────┘
Use --update-env to update environment variables
[PM2] Applying action restartProcessId on app [/var/www/html/server/server.js](ids: [ 0 ])
[PM2] [server](0) ✓
┌────┬───────────┬─────────────┬─────────┬─────────┬──────────┬────────┬──────┬───────────┬──────────┬──────────┬──────────┬──────────┐
│ id │ name      │ namespace   │ version │ mode    │ pid      │ uptime │ ↺    │ status    │ cpu      │ mem      │ user     │ watching │
├────┼───────────┼─────────────┼─────────┼─────────┼──────────┼────────┼──────┼───────────┼──────────┼──────────┼──────────┼──────────┤
│ 0  │ server    │ default     │ 1.0.0   │ fork    │ 2066507  │ 0s     │ 30   │ online    │ 0%       │ 8.0mb    │ root     │ disabled │
└────┴───────────┴─────────────┴─────────┴─────────┴──────────┴────────┴──────┴───────────┴──────────┴──────────┴──────────┴──────────┘
Use --update-env to update environment variables
[PM2] Applying action restartProcessId on app [/var/www/html/server/server.js](ids: [ 0 ])
[PM2] [server](0) ✓
┌────┬───────────┬─────────────┬─────────┬─────────┬──────────┬────────┬──────┬───────────┬──────────┬──────────┬──────────┬──────────┐
│ id │ name      │ namespace   │ version │ mode    │ pid      │ uptime │ ↺    │ status    │ cpu      │ mem      │ user     │ watching │
├────┼───────────┼─────────────┼─────────┼─────────┼──────────┼────────┼──────┼───────────┼──────────┼──────────┼──────────┼──────────┤
│ 0  │ server    │ default     │ 1.0.0   │ fork    │ 2079575  │ 0s     │ 31   │ online    │ 0%       │ 4.4mb    │ root     │ disabled │
└────┴───────────┴─────────────┴─────────┴─────────┴──────────┴────────┴──────┴───────────┴──────────┴──────────┴──────────┴──────────┘
Use --update-env to update environment variables
[PM2] Applying action restartProcessId on app [/var/www/html/server/server.js](ids: [ 0 ])
[PM2] [server](0) ✓
┌────┬───────────┬─────────────┬─────────┬─────────┬──────────┬────────┬──────┬───────────┬──────────┬──────────┬──────────┬──────────┐
│ id │ name      │ namespace   │ version │ mode    │ pid      │ uptime │ ↺    │ status    │ cpu      │ mem      │ user     │ watching │
├────┼───────────┼─────────────┼─────────┼─────────┼──────────┼────────┼──────┼───────────┼──────────┼──────────┼──────────┼──────────┤
│ 0  │ server    │ default     │ 1.0.0   │ fork    │ 2092879  │ 0s     │ 32   │ online    │ 0%       │ 4.5mb    │ root     │ disabled │
└────┴───────────┴─────────────┴─────────┴─────────┴──────────┴────────┴──────┴───────────┴──────────┴──────────┴──────────┴──────────┘
Use --update-env to update environment variables
[PM2] Applying action restartProcessId on app [/var/www/html/server/server.js](ids: [ 0 ])
[PM2] [server](0) ✓
┌────┬───────────┬─────────────┬─────────┬─────────┬──────────┬────────┬──────┬───────────┬──────────┬──────────┬──────────┬──────────┐
│ id │ name      │ namespace   │ version │ mode    │ pid      │ uptime │ ↺    │ status    │ cpu      │ mem      │ user     │ watching │
├────┼───────────┼─────────────┼─────────┼─────────┼──────────┼────────┼──────┼───────────┼──────────┼──────────┼──────────┼──────────┤
│ 0  │ server    │ default     │ 1.0.0   │ fork    │ 2105928  │ 0s     │ 33   │ online    │ 0%       │ 8.2mb    │ root     │ disabled │
└────┴───────────┴─────────────┴─────────┴─────────┴──────────┴────────┴──────┴───────────┴──────────┴──────────┴──────────┴──────────┘
Use --update-env to update environment variables
[PM2] Applying action restartProcessId on app [/var/www/html/server/server.js](ids: [ 0 ])
[PM2] [server](0) ✓
┌────┬───────────┬─────────────┬─────────┬─────────┬──────────┬────────┬──────┬───────────┬──────────┬──────────┬──────────┬──────────┐
│ id │ name      │ namespace   │ version │ mode    │ pid      │ uptime │ ↺    │ status    │ cpu      │ mem      │ user     │ watching │
├────┼───────────┼─────────────┼─────────┼─────────┼──────────┼────────┼──────┼───────────┼──────────┼──────────┼──────────┼──────────┤
│ 0  │ server    │ default     │ 1.0.0   │ fork    │ 2117605  │ 0s     │ 34   │ online    │ 0%       │ 10.3mb   │ root     │ disabled │
└────┴───────────┴─────────────┴─────────┴─────────┴──────────┴────────┴──────┴───────────┴──────────┴──────────┴──────────┴──────────┘
Use --update-env to update environment variables
[PM2] Applying action restartProcessId on app [/var/www/html/server/server.js](ids: [ 0 ])
[PM2] [server](0) ✓
┌────┬───────────┬─────────────┬─────────┬─────────┬──────────┬────────┬──────┬───────────┬──────────┬──────────┬──────────┬──────────┐
│ id │ name      │ namespace   │ version │ mode    │ pid      │ uptime │ ↺    │ status    │ cpu      │ mem      │ user     │ watching │
├────┼───────────┼─────────────┼─────────┼─────────┼──────────┼────────┼──────┼───────────┼──────────┼──────────┼──────────┼──────────┤
│ 0  │ server    │ default     │ 1.0.0   │ fork    │ 2130439  │ 0s     │ 35   │ online    │ 0%       │ 8.1mb    │ root     │ disabled │
└────┴───────────┴─────────────┴─────────┴─────────┴──────────┴────────┴──────┴───────────┴──────────┴──────────┴──────────┴──────────┘
